<?xml version="1.0" encoding="UTF-8"?>
<!-- Generated by org.testng.reporters.JUnitReportReporter -->
<testsuite hostname="LAPTOP-D021V5CU" failures="0" tests="1" name="IMDB.Movies.Onesinglejson" time="1.593" errors="0" timestamp="2023-10-02T20:43:49 IST" skipped="0">
  <testcase classname="IMDB.Movies.Onesinglejson" name="Database" time="1.593"/>
  <system-out/>
</testsuite> <!-- IMDB.Movies.Onesinglejson -->
