<?xml version="1.0" encoding="UTF-8"?>
<!-- Generated by org.testng.reporters.JUnitReportReporter -->
<testsuite hostname="LAPTOP-D021V5CU" failures="0" tests="1" name="IMDB.Movies.databaseTest" time="0.753" errors="0" timestamp="2022-02-19T15:00:09 IST" skipped="0">
  <testcase classname="IMDB.Movies.databaseTest" name="Database" time="0.753"/>
  <system-out/>
</testsuite> <!-- IMDB.Movies.databaseTest -->
