<?xml version="1.0" encoding="UTF-8"?>
<!-- Generated by org.testng.reporters.JUnitReportReporter -->
<testsuite hostname="LAPTOP-D021V5CU" failures="0" tests="2" name="IMDB.Movies.SeleniumTest" time="72.807" errors="0" timestamp="2021-03-14T17:09:39 IST" skipped="0">
  <testcase classname="IMDB.Movies.SeleniumTest" name="SeleniumTest102" time="72.802"/>
  <system-out/>
  <testcase classname="IMDB.Movies.SeleniumTest" name="Test2" time="0.005"/>
  <system-out/>
</testsuite> <!-- IMDB.Movies.SeleniumTest -->
