<?xml version="1.0" encoding="UTF-8"?>
<!-- Generated by org.testng.reporters.JUnitReportReporter -->
<testsuite hostname="LAPTOP-D021V5CU" failures="0" tests="1" name="IMDB.Movies.databaseTest" time="1.060" errors="0" timestamp="2021-03-02T09:56:17 IST" skipped="0">
  <testcase classname="IMDB.Movies.databaseTest" name="Database" time="1.060"/>
  <system-out/>
</testsuite> <!-- IMDB.Movies.databaseTest -->
