<?xml version="1.0" encoding="UTF-8"?>
<!-- Generated by org.testng.reporters.JUnitReportReporter -->
<testsuite hostname="LAPTOP-D021V5CU" failures="0" tests="2" name="IMDB.Movies.SeleniumTest" time="61.374" errors="0" timestamp="2021-04-25T18:44:38 IST" skipped="0">
  <testcase classname="IMDB.Movies.SeleniumTest" name="SeleniumTest102" time="61.366"/>
  <system-out/>
  <testcase classname="IMDB.Movies.SeleniumTest" name="Test2" time="0.008"/>
  <system-out/>
</testsuite> <!-- IMDB.Movies.SeleniumTest -->
