<?xml version="1.0" encoding="UTF-8"?>
<!-- Generated by org.testng.reporters.JUnitReportReporter -->
<testsuite hostname="LAPTOP-D021V5CU" failures="0" tests="2" name="IMDB.Movies.SeleniumTest" time="7.776" errors="0" timestamp="2021-02-18T17:05:46 IST" skipped="0">
  <testcase classname="IMDB.Movies.SeleniumTest" name="Test2" time="0.002"/>
  <system-out/>
  <testcase classname="IMDB.Movies.SeleniumTest" name="SeleniumTest102" time="7.774"/>
  <system-out/>
</testsuite> <!-- IMDB.Movies.SeleniumTest -->
