<?xml version="1.0" encoding="UTF-8"?>
<!-- Generated by org.testng.reporters.JUnitReportReporter -->
<testsuite hostname="LAPTOP-D021V5CU" failures="0" tests="1" name="IMDB.Movies.databaseTest" time="2.026" errors="0" timestamp="2021-03-10T12:58:43 IST" skipped="0">
  <testcase classname="IMDB.Movies.databaseTest" name="Database" time="2.026"/>
  <system-out/>
</testsuite> <!-- IMDB.Movies.databaseTest -->
