<?xml version="1.0" encoding="UTF-8"?>
<!-- Generated by org.testng.reporters.JUnitReportReporter -->
<testsuite hostname="LAPTOP-D021V5CU" failures="0" tests="2" name="IMDB.Movies.AppiumTest" time="0.024" errors="0" timestamp="2021-12-06T15:23:51 IST" skipped="0">
  <testcase classname="IMDB.Movies.AppiumTest" name="NativeApp" time="0.012"/>
  <system-out/>
  <testcase classname="IMDB.Movies.AppiumTest" name="HybridApp" time="0.012"/>
  <system-out/>
</testsuite> <!-- IMDB.Movies.AppiumTest -->
