<?xml version="1.0" encoding="UTF-8"?>
<!-- Generated by org.testng.reporters.JUnitReportReporter -->
<testsuite hostname="LAPTOP-D021V5CU" failures="0" tests="2" name="IMDB.Movies.SeleniumTest" time="212.224" errors="0" timestamp="2021-03-10T13:15:36 IST" skipped="0">
  <testcase classname="IMDB.Movies.SeleniumTest" name="SeleniumTest102" time="212.220"/>
  <system-out/>
  <testcase classname="IMDB.Movies.SeleniumTest" name="Test2" time="0.004"/>
  <system-out/>
</testsuite> <!-- IMDB.Movies.SeleniumTest -->
