<?xml version="1.0" encoding="UTF-8"?>
<!-- Generated by org.testng.reporters.JUnitReportReporter -->
<testsuite hostname="LAPTOP-D021V5CU" failures="0" tests="2" name="IMDB.Movies.AppiumTest" time="0.016" errors="0" timestamp="2021-02-23T19:39:48 IST" skipped="0">
  <testcase classname="IMDB.Movies.AppiumTest" name="NativeApp" time="0.002"/>
  <system-out/>
  <testcase classname="IMDB.Movies.AppiumTest" name="HybridApp" time="0.014"/>
  <system-out/>
</testsuite> <!-- IMDB.Movies.AppiumTest -->
